<?xml version="1.0" encoding="UTF-8"?>
<coverage generated="1641672306326" clover="3.2.0">
  <project timestamp="1641672306326" name="All files">
    <metrics statements="83" coveredstatements="73" conditionals="20" coveredconditionals="16" methods="18" coveredmethods="14" elements="121" coveredelements="103" complexity="0" loc="83" ncloc="83" packages="6" files="11" classes="11"/>
    <package name="goodgame">
      <metrics statements="3" coveredstatements="3" conditionals="0" coveredconditionals="0" methods="0" coveredmethods="0"/>
      <file name="index.js" path="D:\projects\goodgame\index.js">
        <metrics statements="3" coveredstatements="3" conditionals="0" coveredconditionals="0" methods="0" coveredmethods="0"/>
        <line num="1" count="1" type="stmt"/>
        <line num="3" count="1" type="stmt"/>
        <line num="5" count="1" type="stmt"/>
      </file>
    </package>
    <package name="goodgame.app.http.controllers">
      <metrics statements="11" coveredstatements="11" conditionals="6" coveredconditionals="6" methods="1" coveredmethods="1"/>
      <file name="troopController.js" path="D:\projects\goodgame\app\http\controllers\troopController.js">
        <metrics statements="11" coveredstatements="11" conditionals="6" coveredconditionals="6" methods="1" coveredmethods="1"/>
        <line num="5" count="1" type="stmt"/>
        <line num="6" count="1" type="stmt"/>
        <line num="8" count="1" type="stmt"/>
        <line num="9" count="215" type="stmt"/>
        <line num="11" count="215" type="cond" truecount="2" falsecount="0"/>
        <line num="12" count="2" type="stmt"/>
        <line num="17" count="213" type="cond" truecount="2" falsecount="0"/>
        <line num="18" count="3" type="stmt"/>
        <line num="21" count="210" type="cond" truecount="2" falsecount="0"/>
        <line num="22" count="2" type="stmt"/>
        <line num="25" count="208" type="stmt"/>
      </file>
    </package>
    <package name="goodgame.app.http.middlewares">
      <metrics statements="4" coveredstatements="2" conditionals="0" coveredconditionals="0" methods="1" coveredmethods="0"/>
      <file name="errorHandlingMiddleware.js" path="D:\projects\goodgame\app\http\middlewares\errorHandlingMiddleware.js">
        <metrics statements="4" coveredstatements="2" conditionals="0" coveredconditionals="0" methods="1" coveredmethods="0"/>
        <line num="1" count="1" type="stmt"/>
        <line num="3" count="1" type="stmt"/>
        <line num="4" count="0" type="stmt"/>
        <line num="6" count="0" type="stmt"/>
      </file>
    </package>
    <package name="goodgame.app.modules">
      <metrics statements="34" coveredstatements="28" conditionals="10" coveredconditionals="7" methods="9" coveredmethods="7"/>
      <file name="solution-01.js" path="D:\projects\goodgame\app\modules\solution-01.js">
        <metrics statements="21" coveredstatements="19" conditionals="8" coveredconditionals="6" methods="2" coveredmethods="2"/>
        <line num="1" count="1" type="stmt"/>
        <line num="3" count="1" type="stmt"/>
        <line num="5" count="1" type="stmt"/>
        <line num="6" count="208" type="stmt"/>
        <line num="8" count="208" type="cond" truecount="1" falsecount="1"/>
        <line num="9" count="0" type="stmt"/>
        <line num="13" count="624" type="stmt"/>
        <line num="15" count="208" type="cond" truecount="1" falsecount="1"/>
        <line num="16" count="0" type="stmt"/>
        <line num="19" count="208" type="stmt"/>
        <line num="20" count="208" type="stmt"/>
        <line num="21" count="208" type="stmt"/>
        <line num="23" count="208" type="stmt"/>
        <line num="24" count="415" type="cond" truecount="2" falsecount="0"/>
        <line num="25" count="1" type="stmt"/>
        <line num="28" count="414" type="stmt"/>
        <line num="30" count="414" type="stmt"/>
        <line num="31" count="414" type="stmt"/>
        <line num="34" count="208" type="cond" truecount="2" falsecount="0"/>
        <line num="36" count="207" type="stmt"/>
        <line num="39" count="208" type="stmt"/>
      </file>
      <file name="utilities.js" path="D:\projects\goodgame\app\modules\utilities.js">
        <metrics statements="13" coveredstatements="9" conditionals="2" coveredconditionals="1" methods="7" coveredmethods="5"/>
        <line num="10" count="1" type="stmt"/>
        <line num="11" count="414" type="cond" truecount="1" falsecount="1"/>
        <line num="12" count="0" type="stmt"/>
        <line num="13" count="0" type="stmt"/>
        <line num="14" count="0" type="stmt"/>
        <line num="17" count="414" type="stmt"/>
        <line num="26" count="1" type="stmt"/>
        <line num="27" count="208" type="stmt"/>
        <line num="28" count="624" type="stmt"/>
        <line num="29" count="651" type="stmt"/>
        <line num="30" count="624" type="stmt"/>
        <line num="40" count="1" type="stmt"/>
        <line num="41" count="0" type="stmt"/>
      </file>
    </package>
    <package name="goodgame.bootstrap">
      <metrics statements="19" coveredstatements="17" conditionals="4" coveredconditionals="3" methods="6" coveredmethods="5"/>
      <file name="index.js" path="D:\projects\goodgame\bootstrap\index.js">
        <metrics statements="4" coveredstatements="4" conditionals="0" coveredconditionals="0" methods="1" coveredmethods="1"/>
        <line num="1" count="1" type="stmt"/>
        <line num="2" count="1" type="stmt"/>
        <line num="3" count="1" type="stmt"/>
        <line num="5" count="1" type="stmt"/>
      </file>
      <file name="logging.js" path="D:\projects\goodgame\bootstrap\logging.js">
        <metrics statements="9" coveredstatements="7" conditionals="2" coveredconditionals="1" methods="2" coveredmethods="1"/>
        <line num="1" count="1" type="stmt"/>
        <line num="2" count="1" type="stmt"/>
        <line num="4" count="1" type="stmt"/>
        <line num="5" count="1" type="stmt"/>
        <line num="12" count="1" type="stmt"/>
        <line num="13" count="0" type="stmt"/>
        <line num="16" count="1" type="stmt"/>
        <line num="18" count="1" type="cond" truecount="1" falsecount="1"/>
        <line num="19" count="0" type="stmt"/>
      </file>
      <file name="routes.js" path="D:\projects\goodgame\bootstrap\routes.js">
        <metrics statements="1" coveredstatements="1" conditionals="0" coveredconditionals="0" methods="1" coveredmethods="1"/>
        <line num="1" count="1" type="stmt"/>
      </file>
      <file name="server.js" path="D:\projects\goodgame\bootstrap\server.js">
        <metrics statements="5" coveredstatements="5" conditionals="2" coveredconditionals="2" methods="2" coveredmethods="2"/>
        <line num="1" count="1" type="stmt"/>
        <line num="3" count="1" type="stmt"/>
        <line num="4" count="1" type="cond" truecount="2" falsecount="0"/>
        <line num="5" count="1" type="stmt"/>
        <line num="6" count="1" type="stmt"/>
      </file>
    </package>
    <package name="goodgame.routes">
      <metrics statements="12" coveredstatements="12" conditionals="0" coveredconditionals="0" methods="1" coveredmethods="1"/>
      <file name="index.js" path="D:\projects\goodgame\routes\index.js">
        <metrics statements="7" coveredstatements="7" conditionals="0" coveredconditionals="0" methods="1" coveredmethods="1"/>
        <line num="1" count="1" type="stmt"/>
        <line num="3" count="1" type="stmt"/>
        <line num="4" count="1" type="stmt"/>
        <line num="6" count="1" type="stmt"/>
        <line num="7" count="1" type="stmt"/>
        <line num="8" count="1" type="stmt"/>
        <line num="9" count="1" type="stmt"/>
      </file>
      <file name="troops.js" path="D:\projects\goodgame\routes\troops.js">
        <metrics statements="5" coveredstatements="5" conditionals="0" coveredconditionals="0" methods="0" coveredmethods="0"/>
        <line num="1" count="1" type="stmt"/>
        <line num="2" count="1" type="stmt"/>
        <line num="3" count="1" type="stmt"/>
        <line num="5" count="1" type="stmt"/>
        <line num="7" count="1" type="stmt"/>
      </file>
    </package>
  </project>
</coverage>
