{"D:\\projects\\goodgame\\index.js": {"path":"D:\\projects\\goodgame\\index.js","statementMap":{"0":{"start":{"line":1,"column":12},"end":{"line":1,"column":32}},"1":{"start":{"line":3,"column":15},"end":{"line":3,"column":42}},"2":{"start":{"line":5,"column":0},"end":{"line":5,"column":24}}},"fnMap":{},"branchMap":{},"s":{"0":1,"1":1,"2":1},"f":{},"b":{},"_coverageSchema":"1a1c01bbd47fc00a2c39e90264f33305004495a9","hash":"e455499fd3c845f1f4a6dcda093ce33abd716de1"}
,"D:\\projects\\goodgame\\app\\http\\controllers\\troopController.js": {"path":"D:\\projects\\goodgame\\app\\http\\controllers\\troopController.js","statementMap":{"0":{"start":{"line":5,"column":0},"end":{"line":26,"column":2}},"1":{"start":{"line":6,"column":22},"end":{"line":6,"column":45}},"2":{"start":{"line":7,"column":27},"end":{"line":7,"column":59}},"3":{"start":{"line":9,"column":21},"end":{"line":9,"column":119}},"4":{"start":{"line":11,"column":4},"end":{"line":15,"column":5}},"5":{"start":{"line":12,"column":8},"end":{"line":14,"column":11}},"6":{"start":{"line":17,"column":4},"end":{"line":19,"column":5}},"7":{"start":{"line":18,"column":8},"end":{"line":18,"column":92}},"8":{"start":{"line":21,"column":4},"end":{"line":23,"column":5}},"9":{"start":{"line":22,"column":8},"end":{"line":22,"column":96}},"10":{"start":{"line":25,"column":4},"end":{"line":25,"column":51}}},"fnMap":{"0":{"name":"(anonymous_0)","decl":{"start":{"line":5,"column":25},"end":{"line":5,"column":26}},"loc":{"start":{"line":5,"column":59},"end":{"line":26,"column":1}},"line":5}},"branchMap":{"0":{"loc":{"start":{"line":9,"column":21},"end":{"line":9,"column":119}},"type":"cond-expr","locations":[{"start":{"line":9,"column":44},"end":{"line":9,"column":80}},{"start":{"line":9,"column":83},"end":{"line":9,"column":119}}],"line":9},"1":{"loc":{"start":{"line":11,"column":4},"end":{"line":15,"column":5}},"type":"if","locations":[{"start":{"line":11,"column":4},"end":{"line":15,"column":5}},{"start":{},"end":{}}],"line":11},"2":{"loc":{"start":{"line":17,"column":4},"end":{"line":19,"column":5}},"type":"if","locations":[{"start":{"line":17,"column":4},"end":{"line":19,"column":5}},{"start":{},"end":{}}],"line":17},"3":{"loc":{"start":{"line":21,"column":4},"end":{"line":23,"column":5}},"type":"if","locations":[{"start":{"line":21,"column":4},"end":{"line":23,"column":5}},{"start":{},"end":{}}],"line":21}},"s":{"0":1,"1":214,"2":214,"3":214,"4":214,"5":2,"6":212,"7":3,"8":209,"9":2,"10":207},"f":{"0":214},"b":{"0":[0,214],"1":[2,212],"2":[3,209],"3":[2,207]},"_coverageSchema":"1a1c01bbd47fc00a2c39e90264f33305004495a9","hash":"f43ae2ff31ef3f14c9fa9a0c34182b4394a96693"}
,"D:\\projects\\goodgame\\app\\http\\exceptions\\baseExceptions.js": {"path":"D:\\projects\\goodgame\\app\\http\\exceptions\\baseExceptions.js","statementMap":{"0":{"start":{"line":5,"column":8},"end":{"line":5,"column":73}},"1":{"start":{"line":6,"column":8},"end":{"line":6,"column":23}},"2":{"start":{"line":8,"column":8},"end":{"line":8,"column":50}},"3":{"start":{"line":9,"column":8},"end":{"line":11,"column":9}},"4":{"start":{"line":10,"column":12},"end":{"line":10,"column":40}},"5":{"start":{"line":15,"column":8},"end":{"line":15,"column":37}},"6":{"start":{"line":19,"column":8},"end":{"line":21,"column":9}},"7":{"start":{"line":20,"column":12},"end":{"line":20,"column":30}},"8":{"start":{"line":28,"column":0},"end":{"line":31,"column":1}}},"fnMap":{"0":{"name":"(anonymous_0)","decl":{"start":{"line":4,"column":4},"end":{"line":4,"column":5}},"loc":{"start":{"line":4,"column":34},"end":{"line":12,"column":5}},"line":4},"1":{"name":"(anonymous_1)","decl":{"start":{"line":14,"column":4},"end":{"line":14,"column":5}},"loc":{"start":{"line":14,"column":11},"end":{"line":16,"column":5}},"line":14},"2":{"name":"(anonymous_2)","decl":{"start":{"line":18,"column":4},"end":{"line":18,"column":5}},"loc":{"start":{"line":18,"column":27},"end":{"line":22,"column":5}},"line":18}},"branchMap":{"0":{"loc":{"start":{"line":5,"column":18},"end":{"line":5,"column":72}},"type":"cond-expr","locations":[{"start":{"line":5,"column":35},"end":{"line":5,"column":62}},{"start":{"line":5,"column":65},"end":{"line":5,"column":72}}],"line":5},"1":{"loc":{"start":{"line":9,"column":8},"end":{"line":11,"column":9}},"type":"if","locations":[{"start":{"line":9,"column":8},"end":{"line":11,"column":9}},{"start":{},"end":{}}],"line":9}},"s":{"0":0,"1":0,"2":0,"3":0,"4":0,"5":0,"6":0,"7":0,"8":1},"f":{"0":0,"1":0,"2":0},"b":{"0":[0,0],"1":[0,0]},"_coverageSchema":"1a1c01bbd47fc00a2c39e90264f33305004495a9","hash":"92e4db3efc74affb4df38c3946967239aae7e5bb"}
,"D:\\projects\\goodgame\\app\\http\\exceptions\\httpExceptions.js": {"path":"D:\\projects\\goodgame\\app\\http\\exceptions\\httpExceptions.js","statementMap":{"0":{"start":{"line":1,"column":25},"end":{"line":1,"column":52}},"1":{"start":{"line":5,"column":8},"end":{"line":5,"column":32}},"2":{"start":{"line":11,"column":8},"end":{"line":11,"column":66}},"3":{"start":{"line":17,"column":8},"end":{"line":17,"column":66}},"4":{"start":{"line":21,"column":0},"end":{"line":25,"column":1}}},"fnMap":{"0":{"name":"(anonymous_0)","decl":{"start":{"line":4,"column":4},"end":{"line":4,"column":5}},"loc":{"start":{"line":4,"column":39},"end":{"line":6,"column":5}},"line":4},"1":{"name":"(anonymous_1)","decl":{"start":{"line":10,"column":4},"end":{"line":10,"column":5}},"loc":{"start":{"line":10,"column":39},"end":{"line":12,"column":5}},"line":10},"2":{"name":"(anonymous_2)","decl":{"start":{"line":16,"column":4},"end":{"line":16,"column":5}},"loc":{"start":{"line":16,"column":39},"end":{"line":18,"column":5}},"line":16}},"branchMap":{"0":{"loc":{"start":{"line":4,"column":25},"end":{"line":4,"column":37}},"type":"default-arg","locations":[{"start":{"line":4,"column":35},"end":{"line":4,"column":37}}],"line":4},"1":{"loc":{"start":{"line":10,"column":25},"end":{"line":10,"column":37}},"type":"default-arg","locations":[{"start":{"line":10,"column":35},"end":{"line":10,"column":37}}],"line":10},"2":{"loc":{"start":{"line":16,"column":25},"end":{"line":16,"column":37}},"type":"default-arg","locations":[{"start":{"line":16,"column":35},"end":{"line":16,"column":37}}],"line":16}},"s":{"0":1,"1":0,"2":0,"3":0,"4":1},"f":{"0":0,"1":0,"2":0},"b":{"0":[0],"1":[0],"2":[0]},"_coverageSchema":"1a1c01bbd47fc00a2c39e90264f33305004495a9","hash":"8feb21af3614966dfe4b67c332f524fe040b379d"}
,"D:\\projects\\goodgame\\app\\http\\middlewares\\errorHandlingMiddleware.js": {"path":"D:\\projects\\goodgame\\app\\http\\middlewares\\errorHandlingMiddleware.js","statementMap":{"0":{"start":{"line":1,"column":16},"end":{"line":1,"column":34}},"1":{"start":{"line":3,"column":0},"end":{"line":8,"column":2}},"2":{"start":{"line":4,"column":4},"end":{"line":4,"column":31}},"3":{"start":{"line":6,"column":4},"end":{"line":6,"column":31}},"4":{"start":{"line":7,"column":4},"end":{"line":7,"column":106}}},"fnMap":{"0":{"name":"(anonymous_0)","decl":{"start":{"line":3,"column":17},"end":{"line":3,"column":18}},"loc":{"start":{"line":3,"column":53},"end":{"line":8,"column":1}},"line":3}},"branchMap":{},"s":{"0":1,"1":1,"2":0,"3":0,"4":0},"f":{"0":0},"b":{},"_coverageSchema":"1a1c01bbd47fc00a2c39e90264f33305004495a9","hash":"614aa83fbd7df1ced9057c84b20e13b2656a7e6b"}
,"D:\\projects\\goodgame\\app\\http\\middlewares\\routeNotFoundMiddleware.js": {"path":"D:\\projects\\goodgame\\app\\http\\middlewares\\routeNotFoundMiddleware.js","statementMap":{"0":{"start":{"line":1,"column":24},"end":{"line":1,"column":63}},"1":{"start":{"line":3,"column":0},"end":{"line":5,"column":2}},"2":{"start":{"line":4,"column":4},"end":{"line":4,"column":59}}},"fnMap":{"0":{"name":"(anonymous_0)","decl":{"start":{"line":3,"column":17},"end":{"line":3,"column":18}},"loc":{"start":{"line":3,"column":46},"end":{"line":5,"column":1}},"line":3}},"branchMap":{},"s":{"0":1,"1":1,"2":0},"f":{"0":0},"b":{},"_coverageSchema":"1a1c01bbd47fc00a2c39e90264f33305004495a9","hash":"f9bb70d1d4d86132dbce7fe8ef122154af6d89c9"}
,"D:\\projects\\goodgame\\app\\modules\\solution-02.js": {"path":"D:\\projects\\goodgame\\app\\modules\\solution-02.js","statementMap":{"0":{"start":{"line":1,"column":18},"end":{"line":1,"column":40}},"1":{"start":{"line":3,"column":20},"end":{"line":3,"column":56}},"2":{"start":{"line":5,"column":0},"end":{"line":22,"column":1}},"3":{"start":{"line":6,"column":4},"end":{"line":8,"column":5}},"4":{"start":{"line":7,"column":8},"end":{"line":7,"column":74}},"5":{"start":{"line":12,"column":15},"end":{"line":12,"column":54}},"6":{"start":{"line":14,"column":4},"end":{"line":19,"column":5}},"7":{"start":{"line":14,"column":17},"end":{"line":14,"column":18}},"8":{"start":{"line":15,"column":28},"end":{"line":15,"column":88}},"9":{"start":{"line":18,"column":8},"end":{"line":18,"column":28}},"10":{"start":{"line":21,"column":4},"end":{"line":21,"column":85}}},"fnMap":{"0":{"name":"(anonymous_0)","decl":{"start":{"line":5,"column":17},"end":{"line":5,"column":18}},"loc":{"start":{"line":5,"column":32},"end":{"line":22,"column":1}},"line":5}},"branchMap":{"0":{"loc":{"start":{"line":6,"column":4},"end":{"line":8,"column":5}},"type":"if","locations":[{"start":{"line":6,"column":4},"end":{"line":8,"column":5}},{"start":{},"end":{}}],"line":6}},"s":{"0":1,"1":1,"2":1,"3":207,"4":0,"5":207,"6":207,"7":207,"8":2000899,"9":2000899,"10":207},"f":{"0":207},"b":{"0":[0,207]},"_coverageSchema":"1a1c01bbd47fc00a2c39e90264f33305004495a9","hash":"b70362264621528847d6c60d92cbd72d1e3a801e"}
,"D:\\projects\\goodgame\\app\\modules\\utilities.js": {"path":"D:\\projects\\goodgame\\app\\modules\\utilities.js","statementMap":{"0":{"start":{"line":10,"column":0},"end":{"line":18,"column":1}},"1":{"start":{"line":11,"column":4},"end":{"line":15,"column":5}},"2":{"start":{"line":12,"column":21},"end":{"line":12,"column":24}},"3":{"start":{"line":13,"column":8},"end":{"line":13,"column":18}},"4":{"start":{"line":14,"column":8},"end":{"line":14,"column":19}},"5":{"start":{"line":17,"column":4},"end":{"line":17,"column":60}},"6":{"start":{"line":26,"column":0},"end":{"line":31,"column":1}},"7":{"start":{"line":27,"column":4},"end":{"line":30,"column":36}},"8":{"start":{"line":28,"column":24},"end":{"line":28,"column":48}},"9":{"start":{"line":29,"column":24},"end":{"line":29,"column":35}},"10":{"start":{"line":30,"column":24},"end":{"line":30,"column":34}},"11":{"start":{"line":40,"column":0},"end":{"line":42,"column":1}},"12":{"start":{"line":41,"column":4},"end":{"line":41,"column":93}},"13":{"start":{"line":41,"column":63},"end":{"line":41,"column":89}}},"fnMap":{"0":{"name":"(anonymous_0)","decl":{"start":{"line":10,"column":27},"end":{"line":10,"column":28}},"loc":{"start":{"line":10,"column":46},"end":{"line":18,"column":1}},"line":10},"1":{"name":"(anonymous_1)","decl":{"start":{"line":26,"column":18},"end":{"line":26,"column":19}},"loc":{"start":{"line":26,"column":34},"end":{"line":31,"column":1}},"line":26},"2":{"name":"(anonymous_2)","decl":{"start":{"line":28,"column":13},"end":{"line":28,"column":14}},"loc":{"start":{"line":28,"column":24},"end":{"line":28,"column":48}},"line":28},"3":{"name":"(anonymous_3)","decl":{"start":{"line":29,"column":14},"end":{"line":29,"column":15}},"loc":{"start":{"line":29,"column":24},"end":{"line":29,"column":35}},"line":29},"4":{"name":"(anonymous_4)","decl":{"start":{"line":30,"column":13},"end":{"line":30,"column":14}},"loc":{"start":{"line":30,"column":24},"end":{"line":30,"column":34}},"line":30},"5":{"name":"(anonymous_5)","decl":{"start":{"line":40,"column":36},"end":{"line":40,"column":37}},"loc":{"start":{"line":40,"column":59},"end":{"line":42,"column":1}},"line":40},"6":{"name":"(anonymous_6)","decl":{"start":{"line":41,"column":44},"end":{"line":41,"column":45}},"loc":{"start":{"line":41,"column":63},"end":{"line":41,"column":89}},"line":41}},"branchMap":{"0":{"loc":{"start":{"line":11,"column":4},"end":{"line":15,"column":5}},"type":"if","locations":[{"start":{"line":11,"column":4},"end":{"line":15,"column":5}},{"start":{},"end":{}}],"line":11}},"s":{"0":1,"1":0,"2":0,"3":0,"4":0,"5":0,"6":1,"7":207,"8":621,"9":652,"10":621,"11":1,"12":207,"13":621},"f":{"0":0,"1":207,"2":621,"3":652,"4":621,"5":207,"6":621},"b":{"0":[0,0]},"_coverageSchema":"1a1c01bbd47fc00a2c39e90264f33305004495a9","hash":"43bc9ea25c63113e65a1b7bdda8a96e67f538b07"}
,"D:\\projects\\goodgame\\bootstrap\\index.js": {"path":"D:\\projects\\goodgame\\bootstrap\\index.js","statementMap":{"0":{"start":{"line":1,"column":0},"end":{"line":6,"column":2}},"1":{"start":{"line":2,"column":2},"end":{"line":2,"column":23}},"2":{"start":{"line":3,"column":2},"end":{"line":3,"column":27}},"3":{"start":{"line":5,"column":2},"end":{"line":5,"column":34}}},"fnMap":{"0":{"name":"(anonymous_0)","decl":{"start":{"line":1,"column":17},"end":{"line":1,"column":18}},"loc":{"start":{"line":1,"column":26},"end":{"line":6,"column":1}},"line":1}},"branchMap":{},"s":{"0":1,"1":1,"2":1,"3":1},"f":{"0":1},"b":{},"_coverageSchema":"1a1c01bbd47fc00a2c39e90264f33305004495a9","hash":"57c7293f7549b669a050f74ae1e2c1cc392f59d9"}
,"D:\\projects\\goodgame\\bootstrap\\logging.js": {"path":"D:\\projects\\goodgame\\bootstrap\\logging.js","statementMap":{"0":{"start":{"line":1,"column":16},"end":{"line":1,"column":34}},"1":{"start":{"line":2,"column":10},"end":{"line":2,"column":27}},"2":{"start":{"line":4,"column":0},"end":{"line":25,"column":5}},"3":{"start":{"line":5,"column":2},"end":{"line":10,"column":4}},"4":{"start":{"line":12,"column":2},"end":{"line":14,"column":5}},"5":{"start":{"line":13,"column":4},"end":{"line":13,"column":16}},"6":{"start":{"line":16,"column":2},"end":{"line":16,"column":76}},"7":{"start":{"line":18,"column":2},"end":{"line":24,"column":3}},"8":{"start":{"line":19,"column":4},"end":{"line":23,"column":6}}},"fnMap":{"0":{"name":"(anonymous_0)","decl":{"start":{"line":4,"column":18},"end":{"line":4,"column":19}},"loc":{"start":{"line":4,"column":24},"end":{"line":25,"column":1}},"line":4},"1":{"name":"(anonymous_1)","decl":{"start":{"line":12,"column":35},"end":{"line":12,"column":36}},"loc":{"start":{"line":12,"column":55},"end":{"line":14,"column":3}},"line":12}},"branchMap":{"0":{"loc":{"start":{"line":18,"column":2},"end":{"line":24,"column":3}},"type":"if","locations":[{"start":{"line":18,"column":2},"end":{"line":24,"column":3}},{"start":{},"end":{}}],"line":18}},"s":{"0":1,"1":1,"2":1,"3":1,"4":1,"5":0,"6":1,"7":1,"8":0},"f":{"0":1,"1":0},"b":{"0":[0,1]},"_coverageSchema":"1a1c01bbd47fc00a2c39e90264f33305004495a9","hash":"f574026c2660420666ba9b72de1ff6069f7a08af"}
,"D:\\projects\\goodgame\\bootstrap\\routes.js": {"path":"D:\\projects\\goodgame\\bootstrap\\routes.js","statementMap":{"0":{"start":{"line":1,"column":0},"end":{"line":1,"column":52}},"1":{"start":{"line":1,"column":26},"end":{"line":1,"column":51}}},"fnMap":{"0":{"name":"(anonymous_0)","decl":{"start":{"line":1,"column":17},"end":{"line":1,"column":18}},"loc":{"start":{"line":1,"column":26},"end":{"line":1,"column":51}},"line":1}},"branchMap":{},"s":{"0":1,"1":1},"f":{"0":1},"b":{},"_coverageSchema":"1a1c01bbd47fc00a2c39e90264f33305004495a9","hash":"d471ca3a62a51ba7e4ea52f5b632a0730f2ef65d"}
,"D:\\projects\\goodgame\\bootstrap\\server.js": {"path":"D:\\projects\\goodgame\\bootstrap\\server.js","statementMap":{"0":{"start":{"line":1,"column":16},"end":{"line":1,"column":34}},"1":{"start":{"line":3,"column":0},"end":{"line":8,"column":2}},"2":{"start":{"line":4,"column":15},"end":{"line":4,"column":39}},"3":{"start":{"line":5,"column":2},"end":{"line":7,"column":5}},"4":{"start":{"line":6,"column":4},"end":{"line":6,"column":61}}},"fnMap":{"0":{"name":"(anonymous_0)","decl":{"start":{"line":3,"column":17},"end":{"line":3,"column":18}},"loc":{"start":{"line":3,"column":26},"end":{"line":8,"column":1}},"line":3},"1":{"name":"(anonymous_1)","decl":{"start":{"line":5,"column":26},"end":{"line":5,"column":27}},"loc":{"start":{"line":5,"column":38},"end":{"line":7,"column":3}},"line":5}},"branchMap":{"0":{"loc":{"start":{"line":4,"column":15},"end":{"line":4,"column":39}},"type":"binary-expr","locations":[{"start":{"line":4,"column":15},"end":{"line":4,"column":31}},{"start":{"line":4,"column":35},"end":{"line":4,"column":39}}],"line":4}},"s":{"0":1,"1":1,"2":1,"3":1,"4":1},"f":{"0":1,"1":1},"b":{"0":[1,1]},"_coverageSchema":"1a1c01bbd47fc00a2c39e90264f33305004495a9","hash":"c0db16f046ac71baa4a02c2044c1f9b6b1328ce4"}
,"D:\\projects\\goodgame\\routes\\exceptionCatcher.js": {"path":"D:\\projects\\goodgame\\routes\\exceptionCatcher.js","statementMap":{"0":{"start":{"line":1,"column":0},"end":{"line":2,"column":61}},"1":{"start":{"line":1,"column":23},"end":{"line":2,"column":60}},"2":{"start":{"line":2,"column":4},"end":{"line":2,"column":60}}},"fnMap":{"0":{"name":"(anonymous_0)","decl":{"start":{"line":1,"column":17},"end":{"line":1,"column":18}},"loc":{"start":{"line":1,"column":23},"end":{"line":2,"column":60}},"line":1},"1":{"name":"(anonymous_1)","decl":{"start":{"line":1,"column":23},"end":{"line":1,"column":24}},"loc":{"start":{"line":2,"column":4},"end":{"line":2,"column":60}},"line":2}},"branchMap":{},"s":{"0":1,"1":1,"2":214},"f":{"0":1,"1":214},"b":{},"_coverageSchema":"1a1c01bbd47fc00a2c39e90264f33305004495a9","hash":"7fc3e337ec6913add8c749095f63354957c87980"}
,"D:\\projects\\goodgame\\routes\\index.js": {"path":"D:\\projects\\goodgame\\routes\\index.js","statementMap":{"0":{"start":{"line":1,"column":16},"end":{"line":1,"column":34}},"1":{"start":{"line":3,"column":12},"end":{"line":3,"column":28}},"2":{"start":{"line":4,"column":31},"end":{"line":4,"column":89}},"3":{"start":{"line":5,"column":32},"end":{"line":5,"column":90}},"4":{"start":{"line":7,"column":0},"end":{"line":13,"column":2}},"5":{"start":{"line":8,"column":4},"end":{"line":8,"column":28}},"6":{"start":{"line":9,"column":4},"end":{"line":9,"column":50}},"7":{"start":{"line":10,"column":4},"end":{"line":10,"column":26}},"8":{"start":{"line":11,"column":4},"end":{"line":11,"column":37}},"9":{"start":{"line":12,"column":4},"end":{"line":12,"column":36}}},"fnMap":{"0":{"name":"(anonymous_0)","decl":{"start":{"line":7,"column":17},"end":{"line":7,"column":18}},"loc":{"start":{"line":7,"column":26},"end":{"line":13,"column":1}},"line":7}},"branchMap":{},"s":{"0":1,"1":1,"2":1,"3":1,"4":1,"5":1,"6":1,"7":1,"8":1,"9":1},"f":{"0":1},"b":{},"_coverageSchema":"1a1c01bbd47fc00a2c39e90264f33305004495a9","hash":"48ed206bca34536bee066f93cedf530a224c28cb"}
,"D:\\projects\\goodgame\\routes\\api\\index.js": {"path":"D:\\projects\\goodgame\\routes\\api\\index.js","statementMap":{"0":{"start":{"line":1,"column":16},"end":{"line":1,"column":34}},"1":{"start":{"line":2,"column":15},"end":{"line":2,"column":31}},"2":{"start":{"line":4,"column":0},"end":{"line":4,"column":44}},"3":{"start":{"line":6,"column":0},"end":{"line":6,"column":24}}},"fnMap":{},"branchMap":{},"s":{"0":1,"1":1,"2":1,"3":1},"f":{},"b":{},"_coverageSchema":"1a1c01bbd47fc00a2c39e90264f33305004495a9","hash":"f33e65309d9fe2984706d1b60763cff5520e7b7e"}
,"D:\\projects\\goodgame\\routes\\api\\troops.js": {"path":"D:\\projects\\goodgame\\routes\\api\\troops.js","statementMap":{"0":{"start":{"line":1,"column":16},"end":{"line":1,"column":34}},"1":{"start":{"line":2,"column":15},"end":{"line":2,"column":31}},"2":{"start":{"line":3,"column":25},"end":{"line":3,"column":55}},"3":{"start":{"line":4,"column":24},"end":{"line":4,"column":77}},"4":{"start":{"line":6,"column":0},"end":{"line":6,"column":73}},"5":{"start":{"line":8,"column":0},"end":{"line":8,"column":24}}},"fnMap":{},"branchMap":{},"s":{"0":1,"1":1,"2":1,"3":1,"4":1,"5":1},"f":{},"b":{},"_coverageSchema":"1a1c01bbd47fc00a2c39e90264f33305004495a9","hash":"1a54164e3c2eeff706a17d4972127676a61eaa51"}
}
