TN:
SF:index.js
FNF:0
FNH:0
DA:1,2
DA:2,2
DA:4,2
DA:6,2
DA:8,2
DA:10,2
LF:6
LH:6
BRF:0
BRH:0
end_of_record
TN:
SF:app\http\controllers\troopController.js
FN:4,(anonymous_0)
FNF:1
FNH:1
FNDA:150,(anonymous_0)
DA:1,2
DA:2,2
DA:4,2
DA:5,150
DA:6,150
DA:7,150
DA:9,150
DA:11,150
DA:12,150
DA:13,150
DA:18,14
DA:19,12
DA:22,2
LF:13
LH:13
BRDA:7,0,0,35
BRDA:7,0,1,115
BRDA:18,1,0,12
BRDA:18,1,1,2
BRF:4
BRH:4
end_of_record
TN:
SF:app\http\exceptions\baseExceptions.js
FN:4,(anonymous_0)
FN:14,(anonymous_1)
FNF:2
FNH:2
FNDA:49,(anonymous_0)
FNDA:13,(anonymous_1)
DA:5,49
DA:7,49
DA:8,49
DA:9,49
DA:10,13
DA:15,13
DA:16,13
DA:24,3
LF:8
LH:8
BRDA:9,0,0,13
BRDA:9,0,1,36
BRF:2
BRH:2
end_of_record
TN:
SF:app\http\exceptions\httpExceptions.js
FN:4,(anonymous_0)
FN:10,(anonymous_1)
FNF:2
FNH:2
FNDA:12,(anonymous_0)
FNDA:1,(anonymous_1)
DA:1,2
DA:5,12
DA:11,1
DA:15,2
LF:4
LH:4
BRDA:4,0,0,12
BRDA:10,1,0,1
BRF:2
BRH:2
end_of_record
TN:
SF:app\http\exceptions\inputValidationException.js
FN:4,(anonymous_0)
FNF:1
FNH:1
FNDA:36,(anonymous_0)
DA:1,3
DA:5,36
DA:9,3
LF:3
LH:3
BRDA:4,0,0,36
BRF:1
BRH:1
end_of_record
TN:
SF:app\http\middlewares\errorHandlingMiddleware.js
FN:3,(anonymous_0)
FNF:1
FNH:1
FNDA:151,(anonymous_0)
DA:1,2
DA:3,2
DA:4,151
DA:5,151
DA:7,15
DA:9,15
DA:11,15
DA:12,15
LF:8
LH:8
BRDA:9,0,0,15
BRDA:9,0,1,2
BRDA:9,0,2,2
BRF:3
BRH:3
end_of_record
TN:
SF:app\http\middlewares\routeNotFoundMiddleware.js
FN:3,(anonymous_0)
FNF:1
FNH:1
FNDA:1,(anonymous_0)
DA:1,2
DA:3,2
DA:4,1
LF:3
LH:3
BRF:0
BRH:0
end_of_record
TN:
SF:app\modules\solution-01.js
FN:9,validateInput
FN:31,(anonymous_1)
FN:37,(anonymous_2)
FNF:3
FNH:3
FNDA:126,validateInput
FNDA:126,(anonymous_1)
FNDA:324,(anonymous_2)
DA:1,2
DA:2,2
DA:10,126
DA:11,3
DA:14,123
DA:15,9
DA:18,114
DA:19,6
DA:31,2
DA:32,126
DA:34,126
DA:37,324
DA:39,108
DA:40,108
DA:41,108
DA:43,108
DA:44,215
DA:45,2
DA:48,213
DA:50,213
DA:51,213
DA:54,108
DA:56,105
DA:59,108
LF:24
LH:24
BRDA:10,0,0,3
BRDA:10,0,1,123
BRDA:14,1,0,9
BRDA:14,1,1,114
BRDA:18,2,0,6
BRDA:18,2,1,108
BRDA:44,3,0,2
BRDA:44,3,1,213
BRDA:54,4,0,105
BRDA:54,4,1,3
BRF:10
BRH:10
end_of_record
TN:
SF:app\modules\solution-02.js
FN:9,validateInput
FN:31,(anonymous_1)
FNF:2
FNH:2
FNDA:46,validateInput
FNDA:46,(anonymous_1)
DA:1,2
DA:2,2
DA:10,46
DA:11,3
DA:14,43
DA:15,9
DA:18,34
DA:19,6
DA:31,2
DA:32,46
DA:36,28
DA:38,28
DA:39,1101446
DA:42,1101446
DA:45,28
LF:15
LH:15
BRDA:10,0,0,3
BRDA:10,0,1,43
BRDA:14,1,0,9
BRDA:14,1,1,34
BRDA:18,2,0,6
BRDA:18,2,1,28
BRF:6
BRH:6
end_of_record
TN:
SF:app\modules\utilities.js
FN:10,(anonymous_0)
FN:26,(anonymous_1)
FN:28,(anonymous_2)
FN:29,(anonymous_3)
FN:30,(anonymous_4)
FN:40,(anonymous_5)
FN:41,(anonymous_6)
FNF:7
FNH:7
FNDA:217,(anonymous_0)
FNDA:146,(anonymous_1)
FNDA:653,(anonymous_2)
FNDA:1266,(anonymous_3)
FNDA:653,(anonymous_4)
FNDA:30,(anonymous_5)
FNDA:92,(anonymous_6)
DA:10,3
DA:11,217
DA:12,1
DA:13,1
DA:14,1
DA:17,217
DA:26,3
DA:27,146
DA:28,653
DA:29,1266
DA:30,653
DA:40,3
DA:41,92
LF:13
LH:13
BRDA:11,0,0,1
BRDA:11,0,1,216
BRF:2
BRH:2
end_of_record
TN:
SF:bootstrap\index.js
FN:1,(anonymous_0)
FNF:1
FNH:1
FNDA:2,(anonymous_0)
DA:1,2
DA:2,2
DA:3,2
DA:5,2
LF:4
LH:4
BRF:0
BRH:0
end_of_record
TN:
SF:bootstrap\logging.js
FN:3,(anonymous_0)
FN:11,(anonymous_1)
FNF:2
FNH:1
FNDA:2,(anonymous_0)
FNDA:0,(anonymous_1)
DA:1,2
DA:3,2
DA:4,2
DA:11,2
DA:12,0
DA:15,2
DA:17,2
DA:18,0
LF:8
LH:6
BRDA:17,0,0,0
BRDA:17,0,1,2
BRF:2
BRH:1
end_of_record
TN:
SF:bootstrap\routes.js
FN:1,(anonymous_0)
FNF:1
FNH:1
FNDA:2,(anonymous_0)
DA:1,2
LF:1
LH:1
BRF:0
BRH:0
end_of_record
TN:
SF:bootstrap\server.js
FN:3,(anonymous_0)
FN:6,(anonymous_1)
FNF:2
FNH:2
FNDA:2,(anonymous_0)
FNDA:2,(anonymous_1)
DA:1,2
DA:3,2
DA:4,2
DA:6,2
DA:7,2
LF:5
LH:5
BRF:0
BRH:0
end_of_record
TN:
SF:config\app.js
FNF:0
FNH:0
DA:1,3
LF:1
LH:1
BRDA:2,0,0,3
BRDA:2,0,1,3
BRF:2
BRH:2
end_of_record
TN:
SF:config\index.js
FN:1,(anonymous_0)
FN:3,(anonymous_1)
FN:7,(anonymous_2)
FN:15,(anonymous_3)
FNF:4
FNH:4
FNDA:268,(anonymous_0)
FNDA:804,(anonymous_1)
FNDA:536,(anonymous_2)
FNDA:268,(anonymous_3)
DA:1,3
DA:2,268
DA:3,804
DA:5,268
DA:7,268
DA:8,536
DA:9,536
DA:12,268
DA:15,3
DA:16,268
DA:17,268
DA:19,268
DA:20,268
DA:21,536
DA:24,0
DA:27,268
DA:30,3
LF:17
LH:16
BRDA:15,0,0,268
BRF:1
BRH:1
end_of_record
TN:
SF:config\troops.js
FNF:0
FNH:0
DA:1,3
LF:1
LH:1
BRF:0
BRH:0
end_of_record
TN:
SF:routes\index.js
FN:12,(anonymous_0)
FNF:1
FNH:1
FNDA:2,(anonymous_0)
DA:1,2
DA:2,2
DA:3,2
DA:4,2
DA:6,2
DA:7,2
DA:8,2
DA:10,2
DA:12,2
DA:13,2
DA:14,2
DA:15,2
DA:16,2
DA:17,2
LF:14
LH:14
BRF:0
BRH:0
end_of_record
TN:
SF:routes\api\index.js
FNF:0
FNH:0
DA:1,2
DA:2,2
DA:4,2
DA:6,2
DA:8,2
LF:5
LH:5
BRF:0
BRH:0
end_of_record
TN:
SF:routes\api\troops.js
FNF:0
FNH:0
DA:1,2
DA:2,2
DA:4,2
DA:6,2
DA:8,2
LF:5
LH:5
BRF:0
BRH:0
end_of_record
