TN:
SF:index.js
FNF:0
FNH:0
DA:1,1
DA:3,1
DA:5,1
LF:3
LH:3
BRF:0
BRH:0
end_of_record
TN:
SF:app\http\controllers\troopController.js
FN:8,(anonymous_0)
FNF:1
FNH:1
FNDA:215,(anonymous_0)
DA:5,1
DA:6,1
DA:8,1
DA:9,215
DA:11,215
DA:12,2
DA:17,213
DA:18,3
DA:21,210
DA:22,2
DA:25,208
LF:11
LH:11
BRDA:11,0,0,2
BRDA:11,0,1,213
BRDA:17,1,0,3
BRDA:17,1,1,210
BRDA:21,2,0,2
BRDA:21,2,1,208
BRF:6
BRH:6
end_of_record
TN:
SF:app\http\middlewares\errorHandlingMiddleware.js
FN:3,(anonymous_0)
FNF:1
FNH:0
FNDA:0,(anonymous_0)
DA:1,1
DA:3,1
DA:4,0
DA:6,0
LF:4
LH:2
BRF:0
BRH:0
end_of_record
TN:
SF:app\modules\solution-01.js
FN:5,generateArmy
FN:13,(anonymous_1)
FNF:2
FNH:2
FNDA:208,generateArmy
FNDA:624,(anonymous_1)
DA:1,1
DA:3,1
DA:5,1
DA:6,208
DA:8,208
DA:9,0
DA:13,624
DA:15,208
DA:16,0
DA:19,208
DA:20,208
DA:21,208
DA:23,208
DA:24,415
DA:25,1
DA:28,414
DA:30,414
DA:31,414
DA:34,208
DA:36,207
DA:39,208
LF:21
LH:19
BRDA:8,0,0,0
BRDA:8,0,1,208
BRDA:15,1,0,0
BRDA:15,1,1,208
BRDA:24,2,0,1
BRDA:24,2,1,414
BRDA:34,3,0,207
BRDA:34,3,1,1
BRF:8
BRH:6
end_of_record
TN:
SF:app\modules\utilities.js
FN:10,(anonymous_0)
FN:26,(anonymous_1)
FN:28,(anonymous_2)
FN:29,(anonymous_3)
FN:30,(anonymous_4)
FN:40,(anonymous_5)
FN:41,(anonymous_6)
FNF:7
FNH:5
FNDA:414,(anonymous_0)
FNDA:208,(anonymous_1)
FNDA:624,(anonymous_2)
FNDA:660,(anonymous_3)
FNDA:624,(anonymous_4)
FNDA:0,(anonymous_5)
FNDA:0,(anonymous_6)
DA:10,1
DA:11,414
DA:12,0
DA:13,0
DA:14,0
DA:17,414
DA:26,1
DA:27,208
DA:28,624
DA:29,660
DA:30,624
DA:40,1
DA:41,0
LF:13
LH:9
BRDA:11,0,0,0
BRDA:11,0,1,414
BRF:2
BRH:1
end_of_record
TN:
SF:bootstrap\index.js
FN:1,(anonymous_0)
FNF:1
FNH:1
FNDA:1,(anonymous_0)
DA:1,1
DA:2,1
DA:3,1
DA:5,1
LF:4
LH:4
BRF:0
BRH:0
end_of_record
TN:
SF:bootstrap\logging.js
FN:4,(anonymous_0)
FN:12,(anonymous_1)
FNF:2
FNH:1
FNDA:1,(anonymous_0)
FNDA:0,(anonymous_1)
DA:1,1
DA:2,1
DA:4,1
DA:5,1
DA:12,1
DA:13,0
DA:16,1
DA:18,1
DA:19,0
LF:9
LH:7
BRDA:18,0,0,0
BRDA:18,0,1,1
BRF:2
BRH:1
end_of_record
TN:
SF:bootstrap\routes.js
FN:1,(anonymous_0)
FNF:1
FNH:1
FNDA:1,(anonymous_0)
DA:1,1
LF:1
LH:1
BRF:0
BRH:0
end_of_record
TN:
SF:bootstrap\server.js
FN:3,(anonymous_0)
FN:5,(anonymous_1)
FNF:2
FNH:2
FNDA:1,(anonymous_0)
FNDA:1,(anonymous_1)
DA:1,1
DA:3,1
DA:4,1
DA:5,1
DA:6,1
LF:5
LH:5
BRDA:4,0,0,1
BRDA:4,0,1,1
BRF:2
BRH:2
end_of_record
TN:
SF:routes\index.js
FN:6,(anonymous_0)
FNF:1
FNH:1
FNDA:1,(anonymous_0)
DA:1,1
DA:3,1
DA:4,1
DA:6,1
DA:7,1
DA:8,1
DA:9,1
LF:7
LH:7
BRF:0
BRH:0
end_of_record
TN:
SF:routes\troops.js
FNF:0
FNH:0
DA:1,1
DA:2,1
DA:3,1
DA:5,1
DA:7,1
LF:5
LH:5
BRF:0
BRH:0
end_of_record
